2005-05-25 12:39:20,223 - SimpleLog4JLogSystem initialized using logfile 'velocity.log'
2005-05-25 12:39:20,225 - ************************************************************** 
2005-05-25 12:39:20,226 - Starting Jakarta Velocity v1.4
2005-05-25 12:39:20,226 - RuntimeInstance initializing.
2005-05-25 12:39:20,226 - Default Properties File: org/apache/velocity/runtime/defaults/velocity.properties
2005-05-25 12:39:20,226 - Trying to use logger class org.apache.velocity.runtime.log.AvalonLogSystem
2005-05-25 12:39:20,226 - Couldn't find class org.apache.velocity.runtime.log.AvalonLogSystem or necessary supporting classes in classpath. Exception : java.lang.NoClassDefFoundError: org/apache/log/format/Formatter
2005-05-25 12:39:20,226 - Trying to use logger class org.apache.velocity.runtime.log.SimpleLog4JLogSystem
2005-05-25 12:39:20,226 - Using logger class org.apache.velocity.runtime.log.SimpleLog4JLogSystem
2005-05-25 12:39:20,233 - Default ResourceManager initializing. (class org.apache.velocity.runtime.resource.ResourceManagerImpl)
2005-05-25 12:39:20,239 - Resource Loader Instantiated: org.apache.velocity.runtime.resource.loader.ClasspathResourceLoader
2005-05-25 12:39:20,251 - ClasspathResourceLoader : initialization starting.
2005-05-25 12:39:20,251 - ClasspathResourceLoader : initialization complete.
2005-05-25 12:39:20,255 - ResourceCache : initialized. (class org.apache.velocity.runtime.resource.ResourceCacheImpl)
2005-05-25 12:39:20,255 - Default ResourceManager initialization complete.
2005-05-25 12:39:20,272 - Loaded System Directive: org.apache.velocity.runtime.directive.Literal
2005-05-25 12:39:20,276 - Loaded System Directive: org.apache.velocity.runtime.directive.Macro
2005-05-25 12:39:20,280 - Loaded System Directive: org.apache.velocity.runtime.directive.Parse
2005-05-25 12:39:20,286 - Loaded System Directive: org.apache.velocity.runtime.directive.Include
2005-05-25 12:39:20,290 - Loaded System Directive: org.apache.velocity.runtime.directive.Foreach
2005-05-25 12:39:20,540 - Created: 20 parsers.
2005-05-25 12:39:20,575 - Velocimacro : initialization starting.
2005-05-25 12:39:20,576 - Velocimacro : adding VMs from VM library template : VM_global_library.vm
2005-05-25 12:39:20,580 - ResourceManager : unable to find resource 'VM_global_library.vm' in any resource loader.
2005-05-25 12:39:20,580 - Velocimacro : error using  VM library template VM_global_library.vm : org.apache.velocity.exception.ResourceNotFoundException: Unable to find resource 'VM_global_library.vm'
2005-05-25 12:39:20,581 - Velocimacro :  VM library template macro registration complete.
2005-05-25 12:39:20,581 - Velocimacro : allowInline = true : VMs can be defined inline in templates
2005-05-25 12:39:20,581 - Velocimacro : allowInlineToOverride = false : VMs defined inline may NOT replace previous VM definitions
2005-05-25 12:39:20,581 - Velocimacro : allowInlineLocal = false : VMs defined inline will be  global in scope if allowed.
2005-05-25 12:39:20,581 - Velocimacro : messages on  : VM system will output logging messages
2005-05-25 12:39:20,581 - Velocimacro : autoload off  : VM system will not automatically reload global library macros
2005-05-25 12:39:20,581 - Velocimacro : initialization complete.
2005-05-25 12:39:20,581 - Velocity successfully started.
2005-05-25 12:39:20,613 - ResourceManager : found net/incongru/swaf/mail/test-text.vm with loader org.apache.velocity.runtime.resource.loader.ClasspathResourceLoader
2005-05-25 12:39:20,616 - ResourceManager : found net/incongru/swaf/mail/test-html.vm with loader org.apache.velocity.runtime.resource.loader.ClasspathResourceLoader
2005-05-25 12:39:21,134 - SimpleLog4JLogSystem initialized using logfile 'velocity.log'
2005-05-25 12:39:21,134 - SimpleLog4JLogSystem initialized using logfile 'velocity.log'
2005-05-25 12:39:21,134 - ************************************************************** 
2005-05-25 12:39:21,134 - ************************************************************** 
2005-05-25 12:39:21,134 - Starting Jakarta Velocity v1.4
2005-05-25 12:39:21,134 - Starting Jakarta Velocity v1.4
2005-05-25 12:39:21,134 - RuntimeInstance initializing.
2005-05-25 12:39:21,134 - RuntimeInstance initializing.
2005-05-25 12:39:21,134 - Default Properties File: org/apache/velocity/runtime/defaults/velocity.properties
2005-05-25 12:39:21,134 - Default Properties File: org/apache/velocity/runtime/defaults/velocity.properties
2005-05-25 12:39:21,135 - Trying to use logger class org.apache.velocity.runtime.log.AvalonLogSystem
2005-05-25 12:39:21,135 - Trying to use logger class org.apache.velocity.runtime.log.AvalonLogSystem
2005-05-25 12:39:21,135 - Couldn't find class org.apache.velocity.runtime.log.AvalonLogSystem or necessary supporting classes in classpath. Exception : java.lang.NoClassDefFoundError: org/apache/log/format/Formatter
2005-05-25 12:39:21,135 - Couldn't find class org.apache.velocity.runtime.log.AvalonLogSystem or necessary supporting classes in classpath. Exception : java.lang.NoClassDefFoundError: org/apache/log/format/Formatter
2005-05-25 12:39:21,135 - Trying to use logger class org.apache.velocity.runtime.log.SimpleLog4JLogSystem
2005-05-25 12:39:21,135 - Trying to use logger class org.apache.velocity.runtime.log.SimpleLog4JLogSystem
2005-05-25 12:39:21,135 - Using logger class org.apache.velocity.runtime.log.SimpleLog4JLogSystem
2005-05-25 12:39:21,135 - Using logger class org.apache.velocity.runtime.log.SimpleLog4JLogSystem
2005-05-25 12:39:21,135 - Default ResourceManager initializing. (class org.apache.velocity.runtime.resource.ResourceManagerImpl)
2005-05-25 12:39:21,135 - Default ResourceManager initializing. (class org.apache.velocity.runtime.resource.ResourceManagerImpl)
2005-05-25 12:39:21,135 - Resource Loader Instantiated: org.apache.velocity.runtime.resource.loader.ClasspathResourceLoader
2005-05-25 12:39:21,135 - Resource Loader Instantiated: org.apache.velocity.runtime.resource.loader.ClasspathResourceLoader
2005-05-25 12:39:21,135 - ClasspathResourceLoader : initialization starting.
2005-05-25 12:39:21,135 - ClasspathResourceLoader : initialization starting.
2005-05-25 12:39:21,135 - ClasspathResourceLoader : initialization complete.
2005-05-25 12:39:21,135 - ClasspathResourceLoader : initialization complete.
2005-05-25 12:39:21,136 - ResourceCache : initialized. (class org.apache.velocity.runtime.resource.ResourceCacheImpl)
2005-05-25 12:39:21,136 - ResourceCache : initialized. (class org.apache.velocity.runtime.resource.ResourceCacheImpl)
2005-05-25 12:39:21,136 - Default ResourceManager initialization complete.
2005-05-25 12:39:21,136 - Default ResourceManager initialization complete.
2005-05-25 12:39:21,137 - Loaded System Directive: org.apache.velocity.runtime.directive.Literal
2005-05-25 12:39:21,137 - Loaded System Directive: org.apache.velocity.runtime.directive.Literal
2005-05-25 12:39:21,138 - Loaded System Directive: org.apache.velocity.runtime.directive.Macro
2005-05-25 12:39:21,138 - Loaded System Directive: org.apache.velocity.runtime.directive.Macro
2005-05-25 12:39:21,138 - Loaded System Directive: org.apache.velocity.runtime.directive.Parse
2005-05-25 12:39:21,138 - Loaded System Directive: org.apache.velocity.runtime.directive.Parse
2005-05-25 12:39:21,138 - Loaded System Directive: org.apache.velocity.runtime.directive.Include
2005-05-25 12:39:21,138 - Loaded System Directive: org.apache.velocity.runtime.directive.Include
2005-05-25 12:39:21,138 - Loaded System Directive: org.apache.velocity.runtime.directive.Foreach
2005-05-25 12:39:21,138 - Loaded System Directive: org.apache.velocity.runtime.directive.Foreach
2005-05-25 12:39:21,388 - Created: 20 parsers.
2005-05-25 12:39:21,388 - Created: 20 parsers.
2005-05-25 12:39:21,389 - Velocimacro : initialization starting.
2005-05-25 12:39:21,389 - Velocimacro : initialization starting.
2005-05-25 12:39:21,389 - Velocimacro : adding VMs from VM library template : VM_global_library.vm
2005-05-25 12:39:21,389 - Velocimacro : adding VMs from VM library template : VM_global_library.vm
2005-05-25 12:39:21,389 - ResourceManager : unable to find resource 'VM_global_library.vm' in any resource loader.
2005-05-25 12:39:21,389 - ResourceManager : unable to find resource 'VM_global_library.vm' in any resource loader.
2005-05-25 12:39:21,390 - Velocimacro : error using  VM library template VM_global_library.vm : org.apache.velocity.exception.ResourceNotFoundException: Unable to find resource 'VM_global_library.vm'
2005-05-25 12:39:21,390 - Velocimacro : error using  VM library template VM_global_library.vm : org.apache.velocity.exception.ResourceNotFoundException: Unable to find resource 'VM_global_library.vm'
2005-05-25 12:39:21,390 - Velocimacro :  VM library template macro registration complete.
2005-05-25 12:39:21,390 - Velocimacro :  VM library template macro registration complete.
2005-05-25 12:39:21,390 - Velocimacro : allowInline = true : VMs can be defined inline in templates
2005-05-25 12:39:21,390 - Velocimacro : allowInline = true : VMs can be defined inline in templates
2005-05-25 12:39:21,390 - Velocimacro : allowInlineToOverride = false : VMs defined inline may NOT replace previous VM definitions
2005-05-25 12:39:21,390 - Velocimacro : allowInlineToOverride = false : VMs defined inline may NOT replace previous VM definitions
2005-05-25 12:39:21,392 - Velocimacro : allowInlineLocal = false : VMs defined inline will be  global in scope if allowed.
2005-05-25 12:39:21,392 - Velocimacro : allowInlineLocal = false : VMs defined inline will be  global in scope if allowed.
2005-05-25 12:39:21,393 - Velocimacro : messages on  : VM system will output logging messages
2005-05-25 12:39:21,393 - Velocimacro : messages on  : VM system will output logging messages
2005-05-25 12:39:21,393 - Velocimacro : autoload off  : VM system will not automatically reload global library macros
2005-05-25 12:39:21,393 - Velocimacro : autoload off  : VM system will not automatically reload global library macros
2005-05-25 12:39:21,393 - Velocimacro : initialization complete.
2005-05-25 12:39:21,393 - Velocimacro : initialization complete.
2005-05-25 12:39:21,393 - Velocity successfully started.
2005-05-25 12:39:21,393 - Velocity successfully started.
2005-05-25 12:39:21,396 - ResourceManager : found net/incongru/swaf/mail/textonly.vm with loader org.apache.velocity.runtime.resource.loader.ClasspathResourceLoader
2005-05-25 12:39:21,396 - ResourceManager : found net/incongru/swaf/mail/textonly.vm with loader org.apache.velocity.runtime.resource.loader.ClasspathResourceLoader
